+----+----+----+----+
| 256|  32|   2|    |
+----+----+----+----+

moving in direction: u
+----+----+----+----+
|   2|  32|   4|   4|
+----+----+----+----+
| 128|4096|   2|   2|
+----+----+----+----+
|  64|2048|1024|    |
+----+----+----+----+
| 256|  32|   2|    |
+----+----+----+----+

moving in direction: l
+----+----+----+----+
|   2|  32|   8|    |
+----+----+----+----+
| 128|4096|   4|   2|
+----+----+----+----+
|  64|2048|1024|    |
+----+----+----+----+
| 256|  32|   2|    |
+----+----+----+----+

moving in direction: u
+----+----+----+----+
|   2|  32|   8|   2|
+----+----+----+----+
| 128|4096|   4|    |
+----+----+----+----+
|  64|2048|1024|   2|
+----+----+----+----+
| 256|  32|   2|    |
+----+----+----+----+

moving in direction: u
+----+----+----+----+
|   2|  32|   8|   4|
+----+----+----+----+
| 128|4096|   4|   2|
+----+----+----+----+
|  64|2048|1024|    |
+----+----+----+----+
| 256|  32|   2|    |
+----+----+----+----+

moving in direction: d
+----+----+----+----+
|   2|  32|   8|    |
+----+----+----+----+
| 128|4096|   4|   2|
+----+----+----+----+
|  64|2048|1024|   4|
+----+----+----+----+
| 256|  32|   2|   2|
+----+----+----+----+

moving in direction: l
+----+----+----+----+
|   2|  32|   8|    |
+----+----+----+----+
| 128|4096|   4|   2|
+----+----+----+----+
|  64|2048|1024|   4|
+----+----+----+----+
| 256|  32|   4|   2|
+----+----+----+----+

moving in direction: u
+----+----+----+----+
|   2|  32|   8|   2|
+----+----+----+----+
| 128|4096|   4|   4|
+----+----+----+----+
|  64|2048|1024|   2|
+----+----+----+----+
| 256|  32|   4|   2|
+----+----+----+----+

moving in direction: l
+----+----+----+----+
|   2|  32|   8|   2|
+----+----+----+----+
| 128|4096|   8|   2|
+----+----+----+----+
|  64|2048|1024|   2|
+----+----+----+----+
| 256|  32|   4|   2|
+----+----+----+----+

moving in direction: d
+----+----+----+----+
|   2|  32|    |    |
+----+----+----+----+
| 128|4096|  16|   2|
+----+----+----+----+
|  64|2048|1024|   4|
+----+----+----+----+
| 256|  32|   4|   4|
+----+----+----+----+

moving in direction: r
+----+----+----+----+
|    |   2|   2|  32|
+----+----+----+----+
| 128|4096|  16|   2|
+----+----+----+----+
|  64|2048|1024|   4|
+----+----+----+----+
|    | 256|  32|   8|
+----+----+----+----+

moving in direction: d
+----+----+----+----+
|    |   2|   2|  32|
+----+----+----+----+
|   4|4096|  16|   2|
+----+----+----+----+
| 128|2048|1024|   4|
+----+----+----+----+
|  64| 256|  32|   8|
+----+----+----+----+

moving in direction: l
+----+----+----+----+
|   4|  32|    |   2|
+----+----+----+----+
|   4|4096|  16|   2|
+----+----+----+----+
| 128|2048|1024|   4|
+----+----+----+----+
|  64| 256|  32|   8|
+----+----+----+----+

moving in direction: d
+----+----+----+----+
|   4|  32|    |    |
+----+----+----+----+
|   8|4096|  16|   4|
+----+----+----+----+
| 128|2048|1024|   4|
+----+----+----+----+
|  64| 256|  32|   8|
+----+----+----+----+

moving in direction: u
+----+----+----+----+
|   4|  32|  16|   8|
+----+----+----+----+
|   8|4096|1024|   8|
+----+----+----+----+
| 128|2048|  32|   2|
+----+----+----+----+
|  64| 256|    |    |
+----+----+----+----+

moving in direction: u
+----+----+----+----+
|   4|  32|  16|  16|
+----+----+----+----+
|   8|4096|1024|   2|
+----+----+----+----+
| 128|2048|  32|   2|
+----+----+----+----+
|  64| 256|    |    |
+----+----+----+----+

moving in direction: l
+----+----+----+----+
|   4|  32|  32|    |
+----+----+----+----+
|   8|4096|1024|   2|
+----+----+----+----+
| 128|2048|  32|   2|
+----+----+----+----+
|  64| 256|   2|    |
+----+----+----+----+

moving in direction: u
+----+----+----+----+
|   4|  32|  32|   4|
+----+----+----+----+
|   8|4096|1024|    |
+----+----+----+----+
| 128|2048|  32|   2|
+----+----+----+----+
|  64| 256|   2|    |
+----+----+----+----+

moving in direction: d
+----+----+----+----+
|   4|  32|  32|    |
+----+----+----+----+
|   8|4096|1024|   2|
+----+----+----+----+
| 128|2048|  32|   4|
+----+----+----+----+
|  64| 256|   2|   2|
+----+----+----+----+

moving in direction: l
+----+----+----+----+
|   4|  64|   2|    |
+----+----+----+----+
|   8|4096|1024|   2|
+----+----+----+----+
| 128|2048|  32|   4|
+----+----+----+----+
|  64| 256|   4|    |
+----+----+----+----+

moving in direction: r
+----+----+----+----+
|   2|   4|  64|   2|
+----+----+----+----+
|   8|4096|1024|   2|
+----+----+----+----+
| 128|2048|  32|   4|
+----+----+----+----+
|    |  64| 256|   4|
+----+----+----+----+

moving in direction: d
+----+----+----+----+
|    |   4|  64|   2|
+----+----+----+----+
|   2|4096|1024|    |
+----+----+----+----+
|   8|2048|  32|   4|
+----+----+----+----+
| 128|  64| 256|   8|
+----+----+----+----+

moving in direction: l
+----+----+----+----+
|   4|  64|   2|    |
+----+----+----+----+
|   2|4096|1024|   2|
+----+----+----+----+
|   8|2048|  32|   4|
+----+----+----+----+
| 128|  64| 256|   8|
+----+----+----+----+

moving in direction: r
+----+----+----+----+
|   4|   4|  64|   2|
+----+----+----+----+
|   2|4096|1024|   2|
+----+----+----+----+
|   8|2048|  32|   4|
+----+----+----+----+
| 128|  64| 256|   8|
+----+----+----+----+

moving in direction: r
+----+----+----+----+
|   2|   8|  64|   2|
+----+----+----+----+
|   2|4096|1024|   2|
+----+----+----+----+
|   8|2048|  32|   4|
+----+----+----+----+
| 128|  64| 256|   8|
+----+----+----+----+

moving in direction: d
+----+----+----+----+
|   2|   8|  64|    |
+----+----+----+----+
|   4|4096|1024|   4|
+----+----+----+----+
|   8|2048|  32|   4|
+----+----+----+----+
| 128|  64| 256|   8|
+----+----+----+----+

moving in direction: r
+----+----+----+----+
|   2|   2|   8|  64|
+----+----+----+----+
|   4|4096|1024|   4|
+----+----+----+----+
|   8|2048|  32|   4|
+----+----+----+----+
| 128|  64| 256|   8|
+----+----+----+----+

moving in direction: d
+----+----+----+----+
|   2|   2|   8|   2|
+----+----+----+----+
|   4|4096|1024|  64|
+----+----+----+----+
|   8|2048|  32|   8|
+----+----+----+----+
| 128|  64| 256|   8|
+----+----+----+----+

moving in direction: l
+----+----+----+----+
|   4|   8|   2|   2|
+----+----+----+----+
|   4|4096|1024|  64|
+----+----+----+----+
|   8|2048|  32|   8|
+----+----+----+----+
| 128|  64| 256|   8|
+----+----+----+----+

moving in direction: l
+----+----+----+----+
|   4|   8|   4|   2|
+----+----+----+----+
|   4|4096|1024|  64|
+----+----+----+----+
|   8|2048|  32|   8|
+----+----+----+----+
| 128|  64| 256|   8|
+----+----+----+----+

moving in direction: d
+----+----+----+----+
|    |   8|   4|   2|
+----+----+----+----+
|   8|4096|1024|   2|
+----+----+----+----+
|   8|2048|  32|  64|
+----+----+----+----+
| 128|  64| 256|  16|
+----+----+----+----+

moving in direction: u
+----+----+----+----+
|  16|   8|   4|   4|
+----+----+----+----+
| 128|4096|1024|  64|
+----+----+----+----+
|   2|2048|  32|  16|
+----+----+----+----+
|    |  64| 256|    |
+----+----+----+----+

moving in direction: r
+----+----+----+----+
|    |  16|   8|   8|
+----+----+----+----+
| 128|4096|1024|  64|
+----+----+----+----+
|   2|2048|  32|  16|
+----+----+----+----+
|    |   4|  64| 256|
+----+----+----+----+

moving in direction: u
+----+----+----+----+
| 128|  16|   8|   8|
+----+----+----+----+
|   2|4096|1024|  64|
+----+----+----+----+
|   2|2048|  32|  16|
+----+----+----+----+
|    |   4|  64| 256|
+----+----+----+----+

moving in direction: r
+----+----+----+----+
|   2| 128|  16|  16|
+----+----+----+----+
|   2|4096|1024|  64|
+----+----+----+----+
|   2|2048|  32|  16|
+----+----+----+----+
|    |   4|  64| 256|
+----+----+----+----+

moving in direction: r
+----+----+----+----+
|   2|   2| 128|  32|
+----+----+----+----+
|   2|4096|1024|  64|
+----+----+----+----+
|   2|2048|  32|  16|
+----+----+----+----+
|    |   4|  64| 256|
+----+----+----+----+

moving in direction: r
+----+----+----+----+
|    |   4| 128|  32|
+----+----+----+----+
|   2|4096|1024|  64|
+----+----+----+----+
|   2|2048|  32|  16|
+----+----+----+----+
|   2|   4|  64| 256|
+----+----+----+----+

moving in direction: u
+----+----+----+----+
|   4|   4| 128|  32|
+----+----+----+----+
|   2|4096|1024|  64|
+----+----+----+----+
|   2|2048|  32|  16|
+----+----+----+----+
|    |   4|  64| 256|
+----+----+----+----+

moving in direction: r
+----+----+----+----+
|   2|   8| 128|  32|
+----+----+----+----+
|   2|4096|1024|  64|
+----+----+----+----+
|   2|2048|  32|  16|
+----+----+----+----+
|    |   4|  64| 256|
+----+----+----+----+

moving in direction: u
+----+----+----+----+
|   4|   8| 128|  32|
+----+----+----+----+
|   2|4096|1024|  64|
+----+----+----+----+
|    |2048|  32|  16|
+----+----+----+----+
|   2|   4|  64| 256|
+----+----+----+----+

moving in direction: u
+----+----+----+----+
|   4|   8| 128|  32|
+----+----+----+----+
|   4|4096|1024|  64|
+----+----+----+----+
|    |2048|  32|  16|
+----+----+----+----+
|   2|   4|  64| 256|
+----+----+----+----+

moving in direction: u
+----+----+----+----+
|   8|   8| 128|  32|
+----+----+----+----+
|   2|4096|1024|  64|
+----+----+----+----+
|   4|2048|  32|  16|
+----+----+----+----+
|    |   4|  64| 256|
+----+----+----+----+

moving in direction: r
+----+----+----+----+
|    |  16| 128|  32|
+----+----+----+----+
|   2|4096|1024|  64|
+----+----+----+----+
|   4|2048|  32|  16|
+----+----+----+----+
|   2|   4|  64| 256|
+----+----+----+----+

moving in direction: u
+----+----+----+----+
|   2|  16| 128|  32|
+----+----+----+----+
|   4|4096|1024|  64|
+----+----+----+----+
|   2|2048|  32|  16|
+----+----+----+----+
|   2|   4|  64| 256|
+----+----+----+----+

moving in direction: d
+----+----+----+----+
|   2|  16| 128|  32|
+----+----+----+----+
|   2|4096|1024|  64|
+----+----+----+----+
|   4|2048|  32|  16|
+----+----+----+----+
|   4|   4|  64| 256|
+----+----+----+----+

moving in direction: d
+----+----+----+----+
|    |  16| 128|  32|
+----+----+----+----+
|   2|4096|1024|  64|
+----+----+----+----+
|   4|2048|  32|  16|
+----+----+----+----+
|   8|   4|  64| 256|
+----+----+----+----+

moving in direction: u
+----+----+----+----+
|   2|  16| 128|  32|
+----+----+----+----+
|   4|4096|1024|  64|
+----+----+----+----+
|   8|2048|  32|  16|
+----+----+----+----+
|   2|   4|  64| 256|
+----+----+----+----+

Game over!
